240108 14.13.51 ------ Program started -------
240108 14.13.52 Found 1 modules -------------------------------------------------------------------
240108 14.13.52 Found 1 channels ---------------------------------------------------------------------
240108 14.13.52 Found 11 receivers -------------------------------------------------------------------
240108 14.13.52 Found 1 groups ----------------------------------------------------------------------
240108 14.13.52 Found 1 messages -------------------------------------------------------------------
240108 14.13.52 Starting -----------------------------------------------------------------------------------
240108 14.13.53 Creating iFIX alarm queue: FMD
240108 14.14.00 Created iFIX alarm queue failed: FMD
240108 14.14.00 Found 11 receivers -------------------------------------------------------------------
240108 14.14.00 Found 1 groups ----------------------------------------------------------------------
240108 14.14.00 Found 1 messages -------------------------------------------------------------------
240108 14.14.00 Alarm signal criteria list cleared
240108 14.14.00 Changing configuration (-1) 'Default'
240108 14.14.00 Added alarmcriteria - node 'STAT6', areas '{[SMS_TEST]}', priority 'LOLO;LOW;MEDIUM;HIGH;HIHI'
240108 14.14.00 Added alarmcriteria - node 'STAT6', areas '{[SMS_HH]}', priority 'HIHI'
240108 14.14.00 Added alarmcriteria - node 'STAT6', areas '{[SMS_H_HH]}', priority 'HIGH;HIHI'
240108 14.14.00 Creating iFIX alarm queue: FMD
240108 14.14.07 Created iFIX alarm queue failed: FMD
240108 14.14.07 Creating iFIX alarm queue: FMD
240108 14.14.14 Created iFIX alarm queue failed: FMD
240108 14.14.14 Creating iFIX alarm queue: FMD
240108 14.14.21 Created iFIX alarm queue failed: FMD
240108 14.14.21 Creating iFIX alarm queue: FMD
240108 14.14.29 Created iFIX alarm queue failed: FMD
240108 14.14.29 Creating iFIX alarm queue: FMD
240108 14.14.36 Created iFIX alarm queue failed: FMD
240108 14.14.36 Creating iFIX alarm queue: FMD
240108 14.14.43 Created iFIX alarm queue failed: FMD
240108 14.14.43 Creating iFIX alarm queue: FMD
240108 14.14.50 Created iFIX alarm queue failed: FMD
240108 14.14.50 Creating iFIX alarm queue: FMD
240108 14.14.57 Created iFIX alarm queue failed: FMD
240108 14.14.57 Creating iFIX alarm queue: FMD
240108 14.15.04 Created iFIX alarm queue failed: FMD
240108 14.15.04 Creating iFIX alarm queue: FMD
240108 14.15.11 Created iFIX alarm queue failed: FMD
240108 14.15.11 Creating iFIX alarm queue: FMD
240108 14.15.18 Created iFIX alarm queue failed: FMD
240108 14.15.18 Creating iFIX alarm queue: FMD
240108 14.15.25 Created iFIX alarm queue failed: FMD
240108 14.15.25 Creating iFIX alarm queue: FMD
240108 14.15.32 Created iFIX alarm queue failed: FMD
240108 14.15.32 Creating iFIX alarm queue: FMD
240108 14.15.39 Created iFIX alarm queue failed: FMD
240108 14.15.39 Creating iFIX alarm queue: FMD
240108 14.15.46 Created iFIX alarm queue failed: FMD
240108 14.15.46 Creating iFIX alarm queue: FMD
240108 14.15.53 Created iFIX alarm queue failed: FMD
240108 14.15.53 Creating iFIX alarm queue: FMD
240108 14.16.00 Created iFIX alarm queue failed: FMD
240108 14.16.00 Creating iFIX alarm queue: FMD
240108 14.16.07 Created iFIX alarm queue failed: FMD
240108 14.16.07 Creating iFIX alarm queue: FMD
240108 14.16.14 Created iFIX alarm queue failed: FMD
240108 14.16.14 Creating iFIX alarm queue: FMD
240108 14.16.21 Created iFIX alarm queue failed: FMD
240108 14.16.21 Creating iFIX alarm queue: FMD
240108 14.16.28 Created iFIX alarm queue failed: FMD
240108 14.16.28 Creating iFIX alarm queue: FMD
240108 14.16.35 Created iFIX alarm queue failed: FMD
240108 14.16.35 Creating iFIX alarm queue: FMD
240108 14.16.42 Created iFIX alarm queue failed: FMD
240108 14.16.42 Creating iFIX alarm queue: FMD
240108 14.16.49 Created iFIX alarm queue failed: FMD
240108 14.16.49 Creating iFIX alarm queue: FMD
240108 14.16.56 Created iFIX alarm queue failed: FMD
240108 14.16.56 Creating iFIX alarm queue: FMD
240108 14.17.03 Created iFIX alarm queue failed: FMD
240108 14.17.03 Creating iFIX alarm queue: FMD
240108 14.17.10 Created iFIX alarm queue failed: FMD
240108 14.17.10 Creating iFIX alarm queue: FMD
240108 14.17.17 Created iFIX alarm queue failed: FMD
240108 14.17.17 Creating iFIX alarm queue: FMD
240108 14.17.24 Created iFIX alarm queue failed: FMD
240108 14.17.24 Creating iFIX alarm queue: FMD
240108 14.17.31 Created iFIX alarm queue failed: FMD
240108 14.17.31 Creating iFIX alarm queue: FMD
240108 14.17.38 Created iFIX alarm queue failed: FMD
240108 14.17.38 Creating iFIX alarm queue: FMD
240108 14.17.45 Created iFIX alarm queue failed: FMD
240108 14.17.45 Creating iFIX alarm queue: FMD
240108 14.17.52 Created iFIX alarm queue failed: FMD
240108 14.17.52 Creating iFIX alarm queue: FMD
240108 14.17.59 Created iFIX alarm queue failed: FMD
240108 14.17.59 Creating iFIX alarm queue: FMD
240108 14.18.06 Created iFIX alarm queue failed: FMD
240108 14.18.06 Creating iFIX alarm queue: FMD
240108 14.18.13 Created iFIX alarm queue failed: FMD
240108 14.18.13 Creating iFIX alarm queue: FMD
240108 14.18.20 Created iFIX alarm queue failed: FMD
240108 14.18.20 Creating iFIX alarm queue: FMD
240108 14.18.27 Created iFIX alarm queue failed: FMD
240108 14.18.27 Creating iFIX alarm queue: FMD
240108 14.18.34 Created iFIX alarm queue failed: FMD
240108 14.18.34 Creating iFIX alarm queue: FMD
240108 14.18.41 Created iFIX alarm queue failed: FMD
240108 14.18.41 Creating iFIX alarm queue: FMD
240108 14.18.48 Created iFIX alarm queue failed: FMD
240108 14.18.48 Creating iFIX alarm queue: FMD
240108 14.18.55 Created iFIX alarm queue failed: FMD
240108 14.18.55 Creating iFIX alarm queue: FMD
240108 14.19.02 Created iFIX alarm queue failed: FMD
240108 14.19.02 Creating iFIX alarm queue: FMD
240108 14.19.09 Created iFIX alarm queue failed: FMD
240108 14.19.09 Creating iFIX alarm queue: FMD
240108 14.19.16 Created iFIX alarm queue failed: FMD
240108 14.19.16 Creating iFIX alarm queue: FMD
240108 14.19.23 Created iFIX alarm queue failed: FMD
240108 14.19.23 Creating iFIX alarm queue: FMD
240108 14.19.30 Created iFIX alarm queue failed: FMD
240108 14.19.30 Creating iFIX alarm queue: FMD
240108 14.19.37 Created iFIX alarm queue failed: FMD
240108 14.19.37 Creating iFIX alarm queue: FMD
240108 14.19.44 Created iFIX alarm queue failed: FMD
240108 14.19.44 Creating iFIX alarm queue: FMD
240108 14.19.51 Created iFIX alarm queue failed: FMD
240108 14.19.51 Creating iFIX alarm queue: FMD
240108 14.19.58 Created iFIX alarm queue failed: FMD
240108 14.19.58 Creating iFIX alarm queue: FMD
240108 14.20.05 Created iFIX alarm queue failed: FMD
240108 14.20.05 Creating iFIX alarm queue: FMD
240108 14.20.12 Created iFIX alarm queue failed: FMD
240108 14.20.12 Creating iFIX alarm queue: FMD
240108 14.20.19 Created iFIX alarm queue failed: FMD
240108 14.20.19 Creating iFIX alarm queue: FMD
240108 14.20.26 Created iFIX alarm queue failed: FMD
240108 14.20.26 Creating iFIX alarm queue: FMD
240108 14.20.34 Created iFIX alarm queue failed: FMD
240108 14.20.34 Creating iFIX alarm queue: FMD
240108 14.20.41 Created iFIX alarm queue failed: FMD
240108 14.20.41 Creating iFIX alarm queue: FMD
240108 14.20.48 Created iFIX alarm queue failed: FMD
240108 14.20.48 Creating iFIX alarm queue: FMD
240108 14.20.55 Created iFIX alarm queue failed: FMD
240108 14.20.55 Creating iFIX alarm queue: FMD
240108 14.21.02 Created iFIX alarm queue failed: FMD
240108 14.21.02 Creating iFIX alarm queue: FMD
240108 14.21.09 Created iFIX alarm queue failed: FMD
240108 14.21.09 Creating iFIX alarm queue: FMD
240108 14.21.16 Created iFIX alarm queue failed: FMD
240108 14.21.16 Creating iFIX alarm queue: FMD
240108 14.21.23 Created iFIX alarm queue failed: FMD
240108 14.21.23 Creating iFIX alarm queue: FMD
240108 14.21.30 Created iFIX alarm queue failed: FMD
240108 14.21.30 Creating iFIX alarm queue: FMD
240108 14.21.37 Created iFIX alarm queue failed: FMD
240108 14.21.37 Creating iFIX alarm queue: FMD
240108 14.21.44 Created iFIX alarm queue failed: FMD
240108 14.21.44 Creating iFIX alarm queue: FMD
240108 14.21.51 Created iFIX alarm queue failed: FMD
240108 14.21.51 Creating iFIX alarm queue: FMD
240108 14.21.58 Created iFIX alarm queue failed: FMD
240108 14.21.58 Creating iFIX alarm queue: FMD
240108 14.22.05 Created iFIX alarm queue failed: FMD
240108 14.22.05 Creating iFIX alarm queue: FMD
240108 14.22.12 Created iFIX alarm queue failed: FMD
240108 14.22.12 Creating iFIX alarm queue: FMD
240108 14.22.19 Created iFIX alarm queue failed: FMD
240108 14.22.19 Creating iFIX alarm queue: FMD
240108 14.22.26 Created iFIX alarm queue failed: FMD
240108 14.22.26 Creating iFIX alarm queue: FMD
240108 14.22.33 Created iFIX alarm queue failed: FMD
240108 14.22.33 Creating iFIX alarm queue: FMD
240108 14.22.40 Created iFIX alarm queue failed: FMD
240108 14.22.40 Creating iFIX alarm queue: FMD
240108 14.22.47 Created iFIX alarm queue failed: FMD
240108 14.22.47 Creating iFIX alarm queue: FMD
240108 14.22.54 Created iFIX alarm queue failed: FMD
240108 14.22.54 Creating iFIX alarm queue: FMD
240108 14.23.01 Created iFIX alarm queue failed: FMD
240108 14.23.01 Creating iFIX alarm queue: FMD
240108 14.23.08 Created iFIX alarm queue failed: FMD
240108 14.23.08 Creating iFIX alarm queue: FMD
240108 14.23.15 Created iFIX alarm queue failed: FMD
240108 14.23.15 Creating iFIX alarm queue: FMD
240108 14.23.22 Created iFIX alarm queue failed: FMD
240108 14.23.22 Creating iFIX alarm queue: FMD
240108 14.23.29 Created iFIX alarm queue failed: FMD
240108 14.23.29 Creating iFIX alarm queue: FMD
240108 14.23.37 Created iFIX alarm queue failed: FMD
240108 14.23.37 Creating iFIX alarm queue: FMD
240108 14.23.44 Created iFIX alarm queue failed: FMD
240108 14.23.44 Creating iFIX alarm queue: FMD
240108 14.23.51 Created iFIX alarm queue failed: FMD
240108 14.23.51 Creating iFIX alarm queue: FMD
240108 14.23.58 Created iFIX alarm queue failed: FMD
240108 14.23.58 Creating iFIX alarm queue: FMD
240108 14.24.05 Created iFIX alarm queue failed: FMD
240108 14.24.05 Creating iFIX alarm queue: FMD
240108 14.24.12 Created iFIX alarm queue failed: FMD
240108 14.24.12 Creating iFIX alarm queue: FMD
240108 14.24.19 Created iFIX alarm queue failed: FMD
240108 14.24.19 Creating iFIX alarm queue: FMD
240108 14.24.26 Created iFIX alarm queue failed: FMD
240108 14.24.26 Creating iFIX alarm queue: FMD
240108 14.24.33 Created iFIX alarm queue failed: FMD
240108 14.24.33 Creating iFIX alarm queue: FMD
240108 14.24.40 Created iFIX alarm queue failed: FMD
240108 14.24.40 Creating iFIX alarm queue: FMD
240108 14.24.47 Created iFIX alarm queue failed: FMD
240108 14.24.47 Creating iFIX alarm queue: FMD
240108 14.24.54 Created iFIX alarm queue failed: FMD
240108 14.24.54 Creating iFIX alarm queue: FMD
240108 14.25.01 Created iFIX alarm queue failed: FMD
240108 14.25.01 Creating iFIX alarm queue: FMD
240108 14.25.08 Created iFIX alarm queue failed: FMD
240108 14.25.08 Creating iFIX alarm queue: FMD
240108 14.25.15 Created iFIX alarm queue failed: FMD
240108 14.25.15 Creating iFIX alarm queue: FMD
240108 14.25.22 Created iFIX alarm queue failed: FMD
240108 14.25.22 Creating iFIX alarm queue: FMD
240108 14.25.29 Created iFIX alarm queue failed: FMD
240108 14.25.29 Creating iFIX alarm queue: FMD
240108 14.25.36 Created iFIX alarm queue failed: FMD
240108 14.25.36 Creating iFIX alarm queue: FMD
240108 14.25.43 Created iFIX alarm queue failed: FMD
240108 14.25.43 Creating iFIX alarm queue: FMD
240108 14.25.50 Created iFIX alarm queue failed: FMD
240108 14.25.51 Creating iFIX alarm queue: FMD
240108 14.25.58 Created iFIX alarm queue failed: FMD
240108 14.25.58 Creating iFIX alarm queue: FMD
240108 14.26.05 Created iFIX alarm queue failed: FMD
240108 14.26.05 Creating iFIX alarm queue: FMD
240108 14.26.12 Created iFIX alarm queue failed: FMD
240108 14.26.12 Creating iFIX alarm queue: FMD
240108 14.26.19 Created iFIX alarm queue failed: FMD
240108 14.26.19 Creating iFIX alarm queue: FMD
240108 14.26.26 Created iFIX alarm queue failed: FMD
240108 14.26.26 Creating iFIX alarm queue: FMD
240108 14.26.33 Created iFIX alarm queue failed: FMD
240108 14.26.33 Creating iFIX alarm queue: FMD
240108 14.26.40 Created iFIX alarm queue failed: FMD
240108 14.26.40 Creating iFIX alarm queue: FMD
240108 14.26.47 Created iFIX alarm queue failed: FMD
240108 14.26.47 Creating iFIX alarm queue: FMD
240108 14.26.54 Created iFIX alarm queue failed: FMD
240108 14.26.54 Creating iFIX alarm queue: FMD
240108 14.27.01 Created iFIX alarm queue failed: FMD
240108 14.27.01 Creating iFIX alarm queue: FMD
240108 14.27.08 Created iFIX alarm queue failed: FMD
240108 14.27.08 Creating iFIX alarm queue: FMD
240108 14.27.15 Created iFIX alarm queue failed: FMD
240108 14.27.15 Creating iFIX alarm queue: FMD
240108 14.27.22 Created iFIX alarm queue failed: FMD
240108 14.27.22 Creating iFIX alarm queue: FMD
240108 14.27.30 Created iFIX alarm queue failed: FMD
240108 14.27.30 Creating iFIX alarm queue: FMD
240108 14.27.37 Created iFIX alarm queue failed: FMD
240108 14.27.37 Creating iFIX alarm queue: FMD
240108 14.27.44 Created iFIX alarm queue failed: FMD
240108 14.27.44 Creating iFIX alarm queue: FMD
240108 14.27.51 Created iFIX alarm queue failed: FMD
240108 14.27.51 Creating iFIX alarm queue: FMD
240108 14.27.58 Created iFIX alarm queue failed: FMD
240108 14.27.58 Creating iFIX alarm queue: FMD
240108 14.28.05 Created iFIX alarm queue failed: FMD
240108 14.28.05 Creating iFIX alarm queue: FMD
240108 14.28.12 Created iFIX alarm queue failed: FMD
240108 14.28.12 Creating iFIX alarm queue: FMD
240108 14.28.19 Created iFIX alarm queue failed: FMD
240108 14.28.19 Creating iFIX alarm queue: FMD
240108 14.28.26 Created iFIX alarm queue failed: FMD
240108 14.28.26 Creating iFIX alarm queue: FMD
240108 14.28.33 Created iFIX alarm queue failed: FMD
240108 14.28.33 Creating iFIX alarm queue: FMD
240108 14.28.40 Created iFIX alarm queue failed: FMD
240108 14.28.40 Creating iFIX alarm queue: FMD
240108 14.48.59 ------ Program started -------
240108 14.49.00 Found 1 modules -------------------------------------------------------------------
240108 14.49.00 Found 1 channels ---------------------------------------------------------------------
240108 14.49.00 Found 11 receivers -------------------------------------------------------------------
240108 14.49.00 Found 1 groups ----------------------------------------------------------------------
240108 14.49.00 Found 1 messages -------------------------------------------------------------------
240108 14.49.00 Starting -----------------------------------------------------------------------------------
240108 14.49.00 Creating iFIX alarm queue: FMD
240108 14.49.07 Created iFIX alarm queue correct: FMD
240108 14.49.08 Found 11 receivers -------------------------------------------------------------------
240108 14.49.08 Found 1 groups ----------------------------------------------------------------------
240108 14.49.08 Found 1 messages -------------------------------------------------------------------
240108 14.49.08 Alarm signal criteria list cleared
240108 14.49.08 Changing configuration (-1) 'Default'
240108 14.49.08 Added alarmcriteria - node 'STAT6', areas '{[SMS_TEST]}', priority 'LOLO;LOW;MEDIUM;HIGH;HIHI'
240108 14.49.08 Added alarmcriteria - node 'STAT6', areas '{[SMS_HH]}', priority 'HIHI'
240108 14.49.08 Added alarmcriteria - node 'STAT6', areas '{[SMS_H_HH]}', priority 'HIGH;HIHI'
240108 14.49.11 Channel closed (Sms Direct-Channel1)
240108 14.49.13 Channel open (Sms Direct-Channel1)
240108 14.50.18 Added tag STAT6.SMS_TEST_ALARM <1> (pri:LOW grp:0 msg:0 rec:0) to alarm list
240108 14.50.18 Alarm 'STAT6:SMS_TEST_ALARM' for 'Receiver01 (23326613)' in 'Group01' at 'Sms Direct-Channel1' detected
240108 14.50.18 Parsing address for 'Receiver01' ([FIX.STAT6.SMS-ALARM-RECV01.A_ALMEXT1]) => '23326613'
240108 14.50.18 Sending alarm 'STAT6:SMS_TEST_ALARM' to 'Receiver01 (23326613)' in 'Group01' at 'Sms Direct-Channel1'
240108 14.50.18 Connection is established with node STAT6
240108 14.50.25 Parsing RESULT from 'Sms Direct-Channel1'
240108 14.50.25 Parsing address for 'Receiver01' ([FIX.STAT6.SMS-ALARM-RECV01.A_ALMEXT1]) => '23326613'
240108 14.50.25 Alarm 'STAT6:SMS_TEST_ALARM' sent OK to 'Receiver01 (23326613)' in 'Group01' at 'Sms Direct-Channel1'
240108 14.50.45 Tag STAT6:SMS_TEST_ALARM <1> is no longer in alarm
240108 14.50.45 Alarm 'STAT6:SMS_TEST_ALARM' acknowledged
240108 14.53.17 Alarm STAT6.SMS_TEST_ALARM <1> pri:LOW RE-entered alarm state (Ack)
240108 14.53.17 Alarm 'STAT6:SMS_TEST_ALARM' for 'Receiver01 (51446293)' in 'Group01' at 'Sms Direct-Channel1' detected
240108 14.53.17 Parsing address for 'Receiver01' ([FIX.STAT6.SMS-ALARM-RECV01.A_ALMEXT1]) => '51446293'
240108 14.53.17 Sending alarm 'STAT6:SMS_TEST_ALARM' to 'Receiver01 (51446293)' in 'Group01' at 'Sms Direct-Channel1'
240108 14.53.24 Parsing RESULT from 'Sms Direct-Channel1'
240108 14.53.24 Parsing address for 'Receiver01' ([FIX.STAT6.SMS-ALARM-RECV01.A_ALMEXT1]) => '51446293'
240108 14.53.24 Alarm 'STAT6:SMS_TEST_ALARM' sent OK to 'Receiver01 (51446293)' in 'Group01' at 'Sms Direct-Channel1'
240108 14.58.25 Parsing address for 'Receiver01' ([FIX.STAT6.SMS-ALARM-RECV01.A_ALMEXT1]) => '51446293'
240108 14.58.25 Alarm 'STAT6:SMS_TEST_ALARM' not acknowledged by 'Receiver01 (51446293)' in 'Group01' at 'Sms Direct-Channel1' in time
240108 14.58.25 Switch receiver for alarm 'STAT6:SMS_TEST_ALARM' to 'Receiver02 (23326613)' in 'Group01' at 'Sms Direct-Channel1'
240108 14.58.25 Parsing address for 'Receiver02' ([FIX.STAT6.SMS-ALARM-RECV02.A_ALMEXT1]) => '23326613'
240108 14.58.25 Sending alarm 'STAT6:SMS_TEST_ALARM' to 'Receiver02 (23326613)' in 'Group01' at 'Sms Direct-Channel1'
240108 14.59.33 Parsing RESULT from 'Sms Direct-Channel1'
240108 14.59.33 Parsing address for 'Receiver02' ([FIX.STAT6.SMS-ALARM-RECV02.A_ALMEXT1]) => '23326613'
240108 14.59.33 Alarm 'STAT6:SMS_TEST_ALARM' sent OK to 'Receiver02 (23326613)' in 'Group01' at 'Sms Direct-Channel1'
240108 14.59.37 Tag STAT6:SMS_TEST_ALARM <1> is no longer in alarm
240108 14.59.37 Alarm 'STAT6:SMS_TEST_ALARM' acknowledged
240108 15.00.45 ------ Program started -------
240108 15.00.46 Found 1 modules -------------------------------------------------------------------
240108 15.00.46 Found 1 channels ---------------------------------------------------------------------
240108 15.00.46 Found 11 receivers -------------------------------------------------------------------
240108 15.00.46 Found 1 groups ----------------------------------------------------------------------
240108 15.00.46 Found 1 messages -------------------------------------------------------------------
240108 15.00.46 Starting -----------------------------------------------------------------------------------
240108 15.00.47 Found 11 receivers -------------------------------------------------------------------
240108 15.00.47 Found 1 groups ----------------------------------------------------------------------
240108 15.00.47 Found 1 messages -------------------------------------------------------------------
240108 15.00.47 Alarm signal criteria list cleared
240108 15.00.47 Changing configuration (-1) 'Default'
240108 15.00.47 Added alarmcriteria - node 'STAT6', areas '{[SMS_TEST]}', priority 'LOLO;LOW;MEDIUM;HIGH;HIHI'
240108 15.00.47 Added alarmcriteria - node 'STAT6', areas '{[SMS_HH]}', priority 'HIHI'
240108 15.00.47 Added alarmcriteria - node 'STAT6', areas '{[SMS_H_HH]}', priority 'HIGH;HIHI'
240108 15.00.50 Channel closed (Sms Direct-Channel1)
240108 15.00.52 Channel open (Sms Direct-Channel1)
240108 15.03.17 ------ Program started -------
240108 15.03.18 Found 1 modules -------------------------------------------------------------------
240108 15.03.18 Found 1 channels ---------------------------------------------------------------------
240108 15.03.18 Found 11 receivers -------------------------------------------------------------------
240108 15.03.18 Found 1 groups ----------------------------------------------------------------------
240108 15.03.18 Found 1 messages -------------------------------------------------------------------
240108 15.03.18 Starting -----------------------------------------------------------------------------------
240108 15.03.19 Found 11 receivers -------------------------------------------------------------------
240108 15.03.19 Found 1 groups ----------------------------------------------------------------------
240108 15.03.19 Found 1 messages -------------------------------------------------------------------
240108 15.03.19 Alarm signal criteria list cleared
240108 15.03.19 Changing configuration (-1) 'Default'
240108 15.03.19 Added alarmcriteria - node 'STAT6', areas '{[SMS_TEST]}', priority 'LOLO;LOW;MEDIUM;HIGH;HIHI'
240108 15.03.19 Added alarmcriteria - node 'STAT6', areas '{[SMS_HH]}', priority 'HIHI'
240108 15.03.19 Added alarmcriteria - node 'STAT6', areas '{[SMS_H_HH]}', priority 'HIGH;HIHI'
240108 15.03.22 Channel closed (Sms Direct-Channel1)
240108 15.03.24 Channel open (Sms Direct-Channel1)
240108 15.05.38 ------ Program started -------
240108 15.05.39 Found 1 modules -------------------------------------------------------------------
240108 15.05.39 Found 1 channels ---------------------------------------------------------------------
240108 15.05.39 Found 11 receivers -------------------------------------------------------------------
240108 15.05.39 Found 1 groups ----------------------------------------------------------------------
240108 15.05.39 Found 1 messages -------------------------------------------------------------------
240108 15.05.39 Starting -----------------------------------------------------------------------------------
240108 15.05.40 Found 11 receivers -------------------------------------------------------------------
240108 15.05.40 Found 1 groups ----------------------------------------------------------------------
240108 15.05.40 Found 1 messages -------------------------------------------------------------------
240108 15.05.40 Alarm signal criteria list cleared
240108 15.05.40 Changing configuration (-1) 'Default'
240108 15.05.40 Added alarmcriteria - node 'STAT6', areas '{[SMS_TEST]}', priority 'LOLO;LOW;MEDIUM;HIGH;HIHI'
240108 15.05.40 Added alarmcriteria - node 'STAT6', areas '{[SMS_HH]}', priority 'HIHI'
240108 15.05.40 Added alarmcriteria - node 'STAT6', areas '{[SMS_H_HH]}', priority 'HIGH;HIHI'
240108 15.05.44 Channel closed (Sms Direct-Channel1)
240108 15.05.46 Channel open (Sms Direct-Channel1)
240108 15.06.07 DEBUG: Parsing tag [STAT6.TEMP_01_ARG0]
240108 15.06.07 DEBUG: Tag [STAT6.TEMP_01_ARG0]
240108 15.06.07 DEBUG: CheckEDAList: STAT6.TEMP_01_ARG0
240108 15.06.07 DEBUG: CheckEDAList: STAT6.AG_01_MT01_ZD
240108 15.06.07 DEBUG: Parsing tag [STAT6.AG_01_MT01_LDS]
240108 15.06.07 DEBUG: Tag [STAT6.AG_01_MT01_LDS]
240108 15.06.07 DEBUG: CheckEDAList: STAT6.AG_01_MT01_LDS
240108 15.06.07 DEBUG: Parsing tag [STAT6.AG_01_MT01_ZD]
240108 15.06.07 DEBUG: Tag [STAT6.AG_01_MT01_ZD]
240108 15.06.08 DEBUG: Parsing tag [STAT6.AG_01_MT01_LDS]
240108 15.06.08 DEBUG: Tag [STAT6.AG_01_MT01_LDS]
240108 15.06.08 DEBUG: CheckEDAList: STAT6.AG_01_MT01_LDS
240108 15.06.46 DEBUG: Parsing tag [STAT6.TEMP_01_ARK0_CFS]
240108 15.06.46 DEBUG: Tag [STAT6.TEMP_01_ARK0_CFS]
240108 15.06.46 DEBUG: CheckEDAList: STAT6.TEMP_01_ARK0_CFS
240108 15.07.03 DEBUG: Parsing tag [STAT6.TEMP_05_ARC2_CFS]
240108 15.07.03 DEBUG: Tag [STAT6.TEMP_05_ARC2_CFS]
240108 15.07.03 DEBUG: CheckEDAList: STAT6.TEMP_05_ARC2_CFS
240108 15.07.35 DEBUG: Tag [STAT6.FLOW_01_ARC2]
